running egg_info
creating ../../build/cart_base/cart_base.egg-info
writing ../../build/cart_base/cart_base.egg-info/PKG-INFO
writing dependency_links to ../../build/cart_base/cart_base.egg-info/dependency_links.txt
writing entry points to ../../build/cart_base/cart_base.egg-info/entry_points.txt
writing requirements to ../../build/cart_base/cart_base.egg-info/requires.txt
writing top-level names to ../../build/cart_base/cart_base.egg-info/top_level.txt
writing manifest file '../../build/cart_base/cart_base.egg-info/SOURCES.txt'
reading manifest file '../../build/cart_base/cart_base.egg-info/SOURCES.txt'
writing manifest file '../../build/cart_base/cart_base.egg-info/SOURCES.txt'
running build
running build_py
creating /home/mark/fa1k0or.github.io/assets/Zhou/cart_ws/build/cart_base/build
creating /home/mark/fa1k0or.github.io/assets/Zhou/cart_ws/build/cart_base/build/lib
creating /home/mark/fa1k0or.github.io/assets/Zhou/cart_ws/build/cart_base/build/lib/cart_base
copying cart_base/__init__.py -> /home/mark/fa1k0or.github.io/assets/Zhou/cart_ws/build/cart_base/build/lib/cart_base
running install
running install_lib
creating /home/mark/fa1k0or.github.io/assets/Zhou/cart_ws/install/cart_base/lib/python3.10/site-packages/cart_base
copying /home/mark/fa1k0or.github.io/assets/Zhou/cart_ws/build/cart_base/build/lib/cart_base/__init__.py -> /home/mark/fa1k0or.github.io/assets/Zhou/cart_ws/install/cart_base/lib/python3.10/site-packages/cart_base
byte-compiling /home/mark/fa1k0or.github.io/assets/Zhou/cart_ws/install/cart_base/lib/python3.10/site-packages/cart_base/__init__.py to __init__.cpython-310.pyc
running install_data
creating /home/mark/fa1k0or.github.io/assets/Zhou/cart_ws/install/cart_base/share/ament_index
creating /home/mark/fa1k0or.github.io/assets/Zhou/cart_ws/install/cart_base/share/ament_index/resource_index
creating /home/mark/fa1k0or.github.io/assets/Zhou/cart_ws/install/cart_base/share/ament_index/resource_index/packages
copying resource/cart_base -> /home/mark/fa1k0or.github.io/assets/Zhou/cart_ws/install/cart_base/share/ament_index/resource_index/packages
copying package.xml -> /home/mark/fa1k0or.github.io/assets/Zhou/cart_ws/install/cart_base/share/cart_base
running install_egg_info
Copying ../../build/cart_base/cart_base.egg-info to /home/mark/fa1k0or.github.io/assets/Zhou/cart_ws/install/cart_base/lib/python3.10/site-packages/cart_base-0.0.0-py3.10.egg-info
running install_scripts
writing list of installed files to '/home/mark/fa1k0or.github.io/assets/Zhou/cart_ws/build/cart_base/install.log'
