[0.277s] Invoking command in '/home/mark/fa1k0or.github.io/assets/Zhou/cart_ws/src/cart_base': PYTHONPATH=/home/mark/fa1k0or.github.io/assets/Zhou/cart_ws/build/cart_base/prefix_override:/home/mark/fa1k0or.github.io/assets/Zhou/cart_ws/install/cart_base/lib/python3.10/site-packages:${PYTHONPATH} /usr/bin/python3 setup.py egg_info --egg-base ../../build/cart_base build --build-base /home/mark/fa1k0or.github.io/assets/Zhou/cart_ws/build/cart_base/build install --record /home/mark/fa1k0or.github.io/assets/Zhou/cart_ws/build/cart_base/install.log --single-version-externally-managed
[0.383s] running egg_info
[0.384s] creating ../../build/cart_base/cart_base.egg-info
[0.384s] writing ../../build/cart_base/cart_base.egg-info/PKG-INFO
[0.384s] writing dependency_links to ../../build/cart_base/cart_base.egg-info/dependency_links.txt
[0.384s] writing entry points to ../../build/cart_base/cart_base.egg-info/entry_points.txt
[0.384s] writing requirements to ../../build/cart_base/cart_base.egg-info/requires.txt
[0.384s] writing top-level names to ../../build/cart_base/cart_base.egg-info/top_level.txt
[0.384s] writing manifest file '../../build/cart_base/cart_base.egg-info/SOURCES.txt'
[0.385s] reading manifest file '../../build/cart_base/cart_base.egg-info/SOURCES.txt'
[0.385s] writing manifest file '../../build/cart_base/cart_base.egg-info/SOURCES.txt'
[0.385s] running build
[0.385s] running build_py
[0.385s] creating /home/mark/fa1k0or.github.io/assets/Zhou/cart_ws/build/cart_base/build
[0.385s] creating /home/mark/fa1k0or.github.io/assets/Zhou/cart_ws/build/cart_base/build/lib
[0.385s] creating /home/mark/fa1k0or.github.io/assets/Zhou/cart_ws/build/cart_base/build/lib/cart_base
[0.385s] copying cart_base/__init__.py -> /home/mark/fa1k0or.github.io/assets/Zhou/cart_ws/build/cart_base/build/lib/cart_base
[0.385s] running install
[0.385s] /usr/lib/python3/dist-packages/setuptools/command/install.py:34: SetuptoolsDeprecationWarning: setup.py install is deprecated. Use build and pip and other standards-based tools.
[0.385s]   warnings.warn(
[0.385s] running install_lib
[0.386s] creating /home/mark/fa1k0or.github.io/assets/Zhou/cart_ws/install/cart_base/lib/python3.10/site-packages/cart_base
[0.386s] copying /home/mark/fa1k0or.github.io/assets/Zhou/cart_ws/build/cart_base/build/lib/cart_base/__init__.py -> /home/mark/fa1k0or.github.io/assets/Zhou/cart_ws/install/cart_base/lib/python3.10/site-packages/cart_base
[0.386s] byte-compiling /home/mark/fa1k0or.github.io/assets/Zhou/cart_ws/install/cart_base/lib/python3.10/site-packages/cart_base/__init__.py to __init__.cpython-310.pyc
[0.386s] running install_data
[0.386s] creating /home/mark/fa1k0or.github.io/assets/Zhou/cart_ws/install/cart_base/share/ament_index
[0.386s] creating /home/mark/fa1k0or.github.io/assets/Zhou/cart_ws/install/cart_base/share/ament_index/resource_index
[0.386s] creating /home/mark/fa1k0or.github.io/assets/Zhou/cart_ws/install/cart_base/share/ament_index/resource_index/packages
[0.386s] copying resource/cart_base -> /home/mark/fa1k0or.github.io/assets/Zhou/cart_ws/install/cart_base/share/ament_index/resource_index/packages
[0.386s] copying package.xml -> /home/mark/fa1k0or.github.io/assets/Zhou/cart_ws/install/cart_base/share/cart_base
[0.386s] running install_egg_info
[0.387s] Copying ../../build/cart_base/cart_base.egg-info to /home/mark/fa1k0or.github.io/assets/Zhou/cart_ws/install/cart_base/lib/python3.10/site-packages/cart_base-0.0.0-py3.10.egg-info
[0.387s] running install_scripts
[0.399s] writing list of installed files to '/home/mark/fa1k0or.github.io/assets/Zhou/cart_ws/build/cart_base/install.log'
[0.411s] Invoked command in '/home/mark/fa1k0or.github.io/assets/Zhou/cart_ws/src/cart_base' returned '0': PYTHONPATH=/home/mark/fa1k0or.github.io/assets/Zhou/cart_ws/build/cart_base/prefix_override:/home/mark/fa1k0or.github.io/assets/Zhou/cart_ws/install/cart_base/lib/python3.10/site-packages:${PYTHONPATH} /usr/bin/python3 setup.py egg_info --egg-base ../../build/cart_base build --build-base /home/mark/fa1k0or.github.io/assets/Zhou/cart_ws/build/cart_base/build install --record /home/mark/fa1k0or.github.io/assets/Zhou/cart_ws/build/cart_base/install.log --single-version-externally-managed
