[0.146s] DEBUG:colcon:Command line arguments: ['/usr/bin/colcon', 'build']
[0.146s] DEBUG:colcon:Parsed command line arguments: Namespace(log_base=None, log_level=None, verb_name='build', build_base='build', install_base='install', merge_install=False, symlink_install=False, test_result_base=None, continue_on_error=False, executor='parallel', parallel_workers=20, event_handlers=None, ignore_user_meta=False, metas=['./colcon.meta'], base_paths=['.'], packages_ignore=None, packages_ignore_regex=None, paths=None, packages_up_to=None, packages_up_to_regex=None, packages_above=None, packages_above_and_dependencies=None, packages_above_depth=None, packages_select_by_dep=None, packages_skip_by_dep=None, packages_skip_up_to=None, packages_select_build_failed=False, packages_skip_build_finished=False, packages_select_test_failures=False, packages_skip_test_passed=False, packages_select=None, packages_skip=None, packages_select_regex=None, packages_skip_regex=None, packages_start=None, packages_end=None, allow_overriding=[], cmake_args=None, cmake_target=None, cmake_target_skip_unavailable=False, cmake_clean_cache=False, cmake_clean_first=False, cmake_force_configure=False, ament_cmake_args=None, catkin_cmake_args=None, catkin_skip_building_tests=False, verb_parser=<colcon_defaults.argument_parser.defaults.DefaultArgumentsDecorator object at 0x7f3711723730>, verb_extension=<colcon_core.verb.build.BuildVerb object at 0x7f3711f57e50>, main=<bound method BuildVerb.main of <colcon_core.verb.build.BuildVerb object at 0x7f3711f57e50>>)
[0.162s] Level 1:colcon.colcon_core.package_discovery:discover_packages(colcon_meta) check parameters
[0.162s] Level 1:colcon.colcon_core.package_discovery:discover_packages(recursive) check parameters
[0.162s] Level 1:colcon.colcon_core.package_discovery:discover_packages(ignore) check parameters
[0.162s] Level 1:colcon.colcon_core.package_discovery:discover_packages(path) check parameters
[0.162s] Level 1:colcon.colcon_core.package_discovery:discover_packages(colcon_meta) discover
[0.162s] Level 1:colcon.colcon_core.package_discovery:discover_packages(recursive) discover
[0.162s] INFO:colcon.colcon_core.package_discovery:Crawling recursively for packages in '/home/mark/fa1k0or.github.io/assets/Zhou/cart_ws'
[0.162s] Level 1:colcon.colcon_core.package_identification:_identify(.) by extensions ['ignore', 'ignore_ament_install']
[0.162s] Level 1:colcon.colcon_core.package_identification:_identify(.) by extension 'ignore'
[0.162s] Level 1:colcon.colcon_core.package_identification:_identify(.) by extension 'ignore_ament_install'
[0.162s] Level 1:colcon.colcon_core.package_identification:_identify(.) by extensions ['colcon_pkg']
[0.162s] Level 1:colcon.colcon_core.package_identification:_identify(.) by extension 'colcon_pkg'
[0.162s] Level 1:colcon.colcon_core.package_identification:_identify(.) by extensions ['colcon_meta']
[0.162s] Level 1:colcon.colcon_core.package_identification:_identify(.) by extension 'colcon_meta'
[0.162s] Level 1:colcon.colcon_core.package_identification:_identify(.) by extensions ['ros']
[0.162s] Level 1:colcon.colcon_core.package_identification:_identify(.) by extension 'ros'
[0.168s] Level 1:colcon.colcon_core.package_identification:_identify(.) by extensions ['cmake', 'python']
[0.168s] Level 1:colcon.colcon_core.package_identification:_identify(.) by extension 'cmake'
[0.168s] Level 1:colcon.colcon_core.package_identification:_identify(.) by extension 'python'
[0.169s] Level 1:colcon.colcon_core.package_identification:_identify(.) by extensions ['python_setup_py']
[0.169s] Level 1:colcon.colcon_core.package_identification:_identify(.) by extension 'python_setup_py'
[0.169s] Level 1:colcon.colcon_core.package_identification:_identify(build) by extensions ['ignore', 'ignore_ament_install']
[0.169s] Level 1:colcon.colcon_core.package_identification:_identify(build) by extension 'ignore'
[0.169s] Level 1:colcon.colcon_core.package_identification:_identify(build) ignored
[0.169s] Level 1:colcon.colcon_core.package_identification:_identify(install) by extensions ['ignore', 'ignore_ament_install']
[0.169s] Level 1:colcon.colcon_core.package_identification:_identify(install) by extension 'ignore'
[0.169s] Level 1:colcon.colcon_core.package_identification:_identify(install) ignored
[0.169s] Level 1:colcon.colcon_core.package_identification:_identify(log) by extensions ['ignore', 'ignore_ament_install']
[0.169s] Level 1:colcon.colcon_core.package_identification:_identify(log) by extension 'ignore'
[0.169s] Level 1:colcon.colcon_core.package_identification:_identify(log) ignored
[0.169s] Level 1:colcon.colcon_core.package_identification:_identify(src) by extensions ['ignore', 'ignore_ament_install']
[0.169s] Level 1:colcon.colcon_core.package_identification:_identify(src) by extension 'ignore'
[0.169s] Level 1:colcon.colcon_core.package_identification:_identify(src) by extension 'ignore_ament_install'
[0.169s] Level 1:colcon.colcon_core.package_identification:_identify(src) by extensions ['colcon_pkg']
[0.169s] Level 1:colcon.colcon_core.package_identification:_identify(src) by extension 'colcon_pkg'
[0.169s] Level 1:colcon.colcon_core.package_identification:_identify(src) by extensions ['colcon_meta']
[0.169s] Level 1:colcon.colcon_core.package_identification:_identify(src) by extension 'colcon_meta'
[0.169s] Level 1:colcon.colcon_core.package_identification:_identify(src) by extensions ['ros']
[0.169s] Level 1:colcon.colcon_core.package_identification:_identify(src) by extension 'ros'
[0.169s] Level 1:colcon.colcon_core.package_identification:_identify(src) by extensions ['cmake', 'python']
[0.169s] Level 1:colcon.colcon_core.package_identification:_identify(src) by extension 'cmake'
[0.169s] Level 1:colcon.colcon_core.package_identification:_identify(src) by extension 'python'
[0.169s] Level 1:colcon.colcon_core.package_identification:_identify(src) by extensions ['python_setup_py']
[0.169s] Level 1:colcon.colcon_core.package_identification:_identify(src) by extension 'python_setup_py'
[0.169s] Level 1:colcon.colcon_core.package_identification:_identify(src/cart_base) by extensions ['ignore', 'ignore_ament_install']
[0.169s] Level 1:colcon.colcon_core.package_identification:_identify(src/cart_base) by extension 'ignore'
[0.169s] Level 1:colcon.colcon_core.package_identification:_identify(src/cart_base) by extension 'ignore_ament_install'
[0.169s] Level 1:colcon.colcon_core.package_identification:_identify(src/cart_base) by extensions ['colcon_pkg']
[0.169s] Level 1:colcon.colcon_core.package_identification:_identify(src/cart_base) by extension 'colcon_pkg'
[0.169s] Level 1:colcon.colcon_core.package_identification:_identify(src/cart_base) by extensions ['colcon_meta']
[0.169s] Level 1:colcon.colcon_core.package_identification:_identify(src/cart_base) by extension 'colcon_meta'
[0.169s] Level 1:colcon.colcon_core.package_identification:_identify(src/cart_base) by extensions ['ros']
[0.169s] Level 1:colcon.colcon_core.package_identification:_identify(src/cart_base) by extension 'ros'
[0.170s] DEBUG:colcon.colcon_core.package_identification:Package 'src/cart_base' with type 'ros.ament_python' and name 'cart_base'
[0.170s] Level 1:colcon.colcon_core.package_discovery:discover_packages(recursive) using defaults
[0.171s] Level 1:colcon.colcon_core.package_discovery:discover_packages(ignore) discover
[0.171s] Level 1:colcon.colcon_core.package_discovery:discover_packages(ignore) using defaults
[0.171s] Level 1:colcon.colcon_core.package_discovery:discover_packages(path) discover
[0.171s] Level 1:colcon.colcon_core.package_discovery:discover_packages(path) using defaults
[0.182s] Level 1:colcon.colcon_core.package_discovery:discover_packages(prefix_path) check parameters
[0.182s] Level 1:colcon.colcon_core.package_discovery:discover_packages(prefix_path) discover
[0.184s] DEBUG:colcon.colcon_installed_package_information.package_discovery:Found 270 installed packages in /opt/ros/humble
[0.185s] Level 1:colcon.colcon_core.package_discovery:discover_packages(prefix_path) using defaults
[0.211s] Level 5:colcon.colcon_core.verb:set package 'cart_base' build argument 'cmake_args' from command line to 'None'
[0.211s] Level 5:colcon.colcon_core.verb:set package 'cart_base' build argument 'cmake_target' from command line to 'None'
[0.211s] Level 5:colcon.colcon_core.verb:set package 'cart_base' build argument 'cmake_target_skip_unavailable' from command line to 'False'
[0.211s] Level 5:colcon.colcon_core.verb:set package 'cart_base' build argument 'cmake_clean_cache' from command line to 'False'
[0.211s] Level 5:colcon.colcon_core.verb:set package 'cart_base' build argument 'cmake_clean_first' from command line to 'False'
[0.211s] Level 5:colcon.colcon_core.verb:set package 'cart_base' build argument 'cmake_force_configure' from command line to 'False'
[0.211s] Level 5:colcon.colcon_core.verb:set package 'cart_base' build argument 'ament_cmake_args' from command line to 'None'
[0.211s] Level 5:colcon.colcon_core.verb:set package 'cart_base' build argument 'catkin_cmake_args' from command line to 'None'
[0.211s] Level 5:colcon.colcon_core.verb:set package 'cart_base' build argument 'catkin_skip_building_tests' from command line to 'False'
[0.211s] DEBUG:colcon.colcon_core.verb:Building package 'cart_base' with the following arguments: {'ament_cmake_args': None, 'build_base': '/home/mark/fa1k0or.github.io/assets/Zhou/cart_ws/build/cart_base', 'catkin_cmake_args': None, 'catkin_skip_building_tests': False, 'cmake_args': None, 'cmake_clean_cache': False, 'cmake_clean_first': False, 'cmake_force_configure': False, 'cmake_target': None, 'cmake_target_skip_unavailable': False, 'install_base': '/home/mark/fa1k0or.github.io/assets/Zhou/cart_ws/install/cart_base', 'merge_install': False, 'path': '/home/mark/fa1k0or.github.io/assets/Zhou/cart_ws/src/cart_base', 'symlink_install': False, 'test_result_base': None}
[0.212s] INFO:colcon.colcon_core.executor:Executing jobs using 'parallel' executor
[0.213s] DEBUG:colcon.colcon_parallel_executor.executor.parallel:run_until_complete
[0.213s] INFO:colcon.colcon_ros.task.ament_python.build:Building ROS package in '/home/mark/fa1k0or.github.io/assets/Zhou/cart_ws/src/cart_base' with build type 'ament_python'
[0.213s] Level 1:colcon.colcon_core.shell:create_environment_hook('cart_base', 'ament_prefix_path')
[0.215s] INFO:colcon.colcon_core.plugin_system:Skipping extension 'colcon_core.shell.bat': Not used on non-Windows systems
[0.216s] INFO:colcon.colcon_core.shell:Creating environment hook '/home/mark/fa1k0or.github.io/assets/Zhou/cart_ws/install/cart_base/share/cart_base/hook/ament_prefix_path.ps1'
[0.216s] INFO:colcon.colcon_core.shell:Creating environment descriptor '/home/mark/fa1k0or.github.io/assets/Zhou/cart_ws/install/cart_base/share/cart_base/hook/ament_prefix_path.dsv'
[0.216s] INFO:colcon.colcon_core.shell:Creating environment hook '/home/mark/fa1k0or.github.io/assets/Zhou/cart_ws/install/cart_base/share/cart_base/hook/ament_prefix_path.sh'
[0.217s] INFO:colcon.colcon_core.shell:Skip shell extension 'powershell' for command environment: Not usable outside of PowerShell
[0.217s] DEBUG:colcon.colcon_core.shell:Skip shell extension 'dsv' for command environment
[0.336s] INFO:colcon.colcon_core.task.python.build:Building Python package in '/home/mark/fa1k0or.github.io/assets/Zhou/cart_ws/src/cart_base'
[0.337s] INFO:colcon.colcon_core.shell:Skip shell extension 'powershell' for command environment: Not usable outside of PowerShell
[0.337s] DEBUG:colcon.colcon_core.shell:Skip shell extension 'dsv' for command environment
[0.492s] DEBUG:colcon.colcon_core.event_handler.log_command:Invoking command in '/home/mark/fa1k0or.github.io/assets/Zhou/cart_ws/src/cart_base': PYTHONPATH=/home/mark/fa1k0or.github.io/assets/Zhou/cart_ws/build/cart_base/prefix_override:/home/mark/fa1k0or.github.io/assets/Zhou/cart_ws/install/cart_base/lib/python3.10/site-packages:${PYTHONPATH} /usr/bin/python3 setup.py egg_info --egg-base ../../build/cart_base build --build-base /home/mark/fa1k0or.github.io/assets/Zhou/cart_ws/build/cart_base/build install --record /home/mark/fa1k0or.github.io/assets/Zhou/cart_ws/build/cart_base/install.log --single-version-externally-managed
[0.626s] DEBUG:colcon.colcon_core.event_handler.log_command:Invoked command in '/home/mark/fa1k0or.github.io/assets/Zhou/cart_ws/src/cart_base' returned '0': PYTHONPATH=/home/mark/fa1k0or.github.io/assets/Zhou/cart_ws/build/cart_base/prefix_override:/home/mark/fa1k0or.github.io/assets/Zhou/cart_ws/install/cart_base/lib/python3.10/site-packages:${PYTHONPATH} /usr/bin/python3 setup.py egg_info --egg-base ../../build/cart_base build --build-base /home/mark/fa1k0or.github.io/assets/Zhou/cart_ws/build/cart_base/build install --record /home/mark/fa1k0or.github.io/assets/Zhou/cart_ws/build/cart_base/install.log --single-version-externally-managed
[0.628s] Level 1:colcon.colcon_core.environment:checking '/home/mark/fa1k0or.github.io/assets/Zhou/cart_ws/install/cart_base' for CMake module files
[0.628s] Level 1:colcon.colcon_core.environment:checking '/home/mark/fa1k0or.github.io/assets/Zhou/cart_ws/install/cart_base' for CMake config files
[0.628s] Level 1:colcon.colcon_core.environment:checking '/home/mark/fa1k0or.github.io/assets/Zhou/cart_ws/install/cart_base/lib'
[0.628s] Level 1:colcon.colcon_core.environment:checking '/home/mark/fa1k0or.github.io/assets/Zhou/cart_ws/install/cart_base/bin'
[0.628s] Level 1:colcon.colcon_core.environment:checking '/home/mark/fa1k0or.github.io/assets/Zhou/cart_ws/install/cart_base/lib/pkgconfig/cart_base.pc'
[0.628s] Level 1:colcon.colcon_core.environment:checking '/home/mark/fa1k0or.github.io/assets/Zhou/cart_ws/install/cart_base/lib/python3.10/site-packages'
[0.628s] Level 1:colcon.colcon_core.shell:create_environment_hook('cart_base', 'pythonpath')
[0.629s] INFO:colcon.colcon_core.shell:Creating environment hook '/home/mark/fa1k0or.github.io/assets/Zhou/cart_ws/install/cart_base/share/cart_base/hook/pythonpath.ps1'
[0.629s] INFO:colcon.colcon_core.shell:Creating environment descriptor '/home/mark/fa1k0or.github.io/assets/Zhou/cart_ws/install/cart_base/share/cart_base/hook/pythonpath.dsv'
[0.629s] INFO:colcon.colcon_core.shell:Creating environment hook '/home/mark/fa1k0or.github.io/assets/Zhou/cart_ws/install/cart_base/share/cart_base/hook/pythonpath.sh'
[0.629s] Level 1:colcon.colcon_core.environment:checking '/home/mark/fa1k0or.github.io/assets/Zhou/cart_ws/install/cart_base/bin'
[0.630s] Level 1:colcon.colcon_core.environment:create_environment_scripts_only(cart_base)
[0.630s] INFO:colcon.colcon_core.shell:Creating package script '/home/mark/fa1k0or.github.io/assets/Zhou/cart_ws/install/cart_base/share/cart_base/package.ps1'
[0.631s] INFO:colcon.colcon_core.shell:Creating package descriptor '/home/mark/fa1k0or.github.io/assets/Zhou/cart_ws/install/cart_base/share/cart_base/package.dsv'
[0.631s] INFO:colcon.colcon_core.shell:Creating package script '/home/mark/fa1k0or.github.io/assets/Zhou/cart_ws/install/cart_base/share/cart_base/package.sh'
[0.631s] INFO:colcon.colcon_core.shell:Creating package script '/home/mark/fa1k0or.github.io/assets/Zhou/cart_ws/install/cart_base/share/cart_base/package.bash'
[0.631s] INFO:colcon.colcon_core.shell:Creating package script '/home/mark/fa1k0or.github.io/assets/Zhou/cart_ws/install/cart_base/share/cart_base/package.zsh'
[0.632s] Level 1:colcon.colcon_core.environment:create_file_with_runtime_dependencies(/home/mark/fa1k0or.github.io/assets/Zhou/cart_ws/install/cart_base/share/colcon-core/packages/cart_base)
[0.632s] DEBUG:colcon.colcon_parallel_executor.executor.parallel:closing loop
[0.632s] DEBUG:colcon.colcon_parallel_executor.executor.parallel:loop closed
[0.632s] DEBUG:colcon.colcon_parallel_executor.executor.parallel:run_until_complete finished with '0'
[0.632s] DEBUG:colcon.colcon_core.event_reactor:joining thread
[0.635s] INFO:colcon.colcon_core.plugin_system:Skipping extension 'colcon_notification.desktop_notification.terminal_notifier': Not used on non-Darwin systems
[0.635s] INFO:colcon.colcon_core.plugin_system:Skipping extension 'colcon_notification.desktop_notification.win32': Not used on non-Windows systems
[0.635s] INFO:colcon.colcon_notification.desktop_notification:Sending desktop notification using 'notify2'
[0.643s] DEBUG:colcon.colcon_core.event_reactor:joined thread
[0.643s] INFO:colcon.colcon_core.shell:Creating prefix script '/home/mark/fa1k0or.github.io/assets/Zhou/cart_ws/install/local_setup.ps1'
[0.644s] INFO:colcon.colcon_core.shell:Creating prefix util module '/home/mark/fa1k0or.github.io/assets/Zhou/cart_ws/install/_local_setup_util_ps1.py'
[0.644s] INFO:colcon.colcon_core.shell:Creating prefix chain script '/home/mark/fa1k0or.github.io/assets/Zhou/cart_ws/install/setup.ps1'
[0.645s] INFO:colcon.colcon_core.shell:Creating prefix script '/home/mark/fa1k0or.github.io/assets/Zhou/cart_ws/install/local_setup.sh'
[0.645s] INFO:colcon.colcon_core.shell:Creating prefix util module '/home/mark/fa1k0or.github.io/assets/Zhou/cart_ws/install/_local_setup_util_sh.py'
[0.646s] INFO:colcon.colcon_core.shell:Creating prefix chain script '/home/mark/fa1k0or.github.io/assets/Zhou/cart_ws/install/setup.sh'
[0.646s] INFO:colcon.colcon_core.shell:Creating prefix script '/home/mark/fa1k0or.github.io/assets/Zhou/cart_ws/install/local_setup.bash'
[0.646s] INFO:colcon.colcon_core.shell:Creating prefix chain script '/home/mark/fa1k0or.github.io/assets/Zhou/cart_ws/install/setup.bash'
[0.647s] INFO:colcon.colcon_core.shell:Creating prefix script '/home/mark/fa1k0or.github.io/assets/Zhou/cart_ws/install/local_setup.zsh'
[0.647s] INFO:colcon.colcon_core.shell:Creating prefix chain script '/home/mark/fa1k0or.github.io/assets/Zhou/cart_ws/install/setup.zsh'
